[2023-05-23T08:40:28.393Z] error: Error occurred: locator.textContent: Timeout 30000ms exceeded.
=========================== logs ===========================
waiting for locator('#enter-fullname .i-popover__main')
============================================================
[2023-05-23T08:40:36.470Z] error: Error occurred: locator.textContent: Error: strict mode violation: locator('.error-main .i-popover__main') resolved to 2 elements:
    1) <div class="i-popover__main">Необходимо ввести фамилию, имя, отчество</div> aka getByText('Необходимо ввести фамилию, имя, отчество').nth(1)
    2) <div class="i-popover__main">…</div> aka getByText('Данный способ доставки недоступенДанный способ оплаты недоступенДанный способ оп')

=========================== logs ===========================
waiting for locator('.error-main .i-popover__main')
============================================================
[2023-05-23T08:41:12.371Z] error: Error occurred: locator.type: Timeout 30000ms exceeded.
=========================== logs ===========================
waiting for locator('#enter-fullname .deal-form-main__input')
============================================================
[2023-05-23T08:41:26.750Z] error: Error occurred: locator.textContent: Target closed
=========================== logs ===========================
waiting for locator('.deal-form-main__placeholder-h')
============================================================
[2023-05-23T08:41:52.800Z] error: Error occurred: page.waitForSelector: Timeout 10000ms exceeded.
=========================== logs ===========================
waiting for locator('.deal-form-main__input_faded.deal-form-main__input_valid') to be visible
============================================================
[2023-05-23T08:42:02.815Z] error: Error occurred: page.waitForSelector: Timeout 10000ms exceeded.
=========================== logs ===========================
waiting for locator('.i-context-box-list__input_link') to be visible
============================================================
[2023-05-23T08:42:27.264Z] error: Error occurred: locator.type: Target closed
=========================== logs ===========================
waiting for locator('#i-street')
============================================================
[2023-05-23T08:42:27.266Z] error: Error occurred: locator.type: Target page, context or browser has been closed
[2023-05-23T08:42:27.268Z] error: Error occurred: locator.type: Target page, context or browser has been closed
[2023-05-23T08:42:27.272Z] error: Error occurred: locator.type: Target page, context or browser has been closed
[2023-05-23T08:42:27.276Z] error: Error occurred: locator.type: Target page, context or browser has been closed
[2023-05-23T08:42:27.278Z] error: Error occurred: page.waitForSelector: Target page, context or browser has been closed
[2023-05-23T08:42:27.282Z] error: Error occurred: locator.textContent: Target page, context or browser has been closed
[2023-05-23T08:42:43.898Z] error: Error occurred: page.waitForSelector: Timeout 10000ms exceeded.
=========================== logs ===========================
waiting for locator('.payment-methods li:nth-child(2)') to be visible
============================================================
[2023-05-23T08:43:13.914Z] error: Error occurred: locator.textContent: Timeout 30000ms exceeded.
=========================== logs ===========================
waiting for locator('#select-payment-link .i-input__sub:first-child')
============================================================
